2025-09-21 10:31:03 | INFO | \U0001f680 Elite AI Receptionist started
2025-09-21 10:31:03 | INFO | Receptionist initialized for Bright Smiles Dental
2025-09-21 10:31:03 | ERROR | Error processing call
2025-09-21 10:31:03 | INFO | Call processed: None
2025-09-21 10:31:03 | ERROR | Email handling error
2025-09-21 10:31:03 | ERROR | Analytics error
2025-09-21 10:32:04 | ERROR | Error processing call
2025-09-21 10:32:04 | INFO | Call processed: None
2025-09-21 10:32:04 | ERROR | Email handling error
2025-09-21 10:32:04 | ERROR | Analytics error
2025-09-21 10:33:04 | ERROR | Error processing call
2025-09-21 10:33:04 | INFO | Call processed: None
2025-09-21 10:33:04 | ERROR | Email handling error
2025-09-21 10:33:04 | ERROR | Analytics error
2025-09-21 10:34:04 | ERROR | Error processing call
2025-09-21 10:34:04 | INFO | Call processed: None
2025-09-21 10:34:05 | ERROR | Email handling error
2025-09-21 10:34:05 | ERROR | Analytics error
2025-09-21 10:57:22 | ERROR | Error processing call
2025-09-21 10:57:22 | INFO | Call processed: None
2025-09-21 10:57:22 | ERROR | Email handling error
2025-09-21 10:57:22 | ERROR | Analytics error
2025-09-21 10:58:22 | ERROR | Error processing call
2025-09-21 10:58:22 | INFO | Call processed: None
2025-09-21 10:58:22 | ERROR | Email handling error
2025-09-21 10:58:22 | ERROR | Analytics error
2025-09-21 10:59:22 | ERROR | Error processing call
2025-09-21 10:59:22 | INFO | Call processed: None
2025-09-21 10:59:23 | ERROR | Email handling error
2025-09-21 10:59:23 | ERROR | Analytics error
2025-09-21 11:00:23 | ERROR | Error processing call
2025-09-21 11:00:23 | INFO | Call processed: None
2025-09-21 11:00:23 | ERROR | Email handling error
2025-09-21 11:00:23 | ERROR | Analytics error
2025-09-21 11:01:23 | ERROR | Error processing call
2025-09-21 11:01:23 | INFO | Call processed: None
2025-09-21 11:01:23 | ERROR | Email handling error
2025-09-21 11:01:23 | ERROR | Analytics error
2025-09-22 10:08:40 | INFO | \U0001f680 Elite AI Receptionist started
2025-09-22 10:08:40 | INFO | Receptionist initialized for Bright Smiles Dental
2025-09-22 10:08:40 | ERROR | Call/SMS handling error
2025-09-22 10:08:40 | ERROR | Email handling error
2025-09-22 10:08:40 | ERROR | Analytics error
2025-09-23 10:47:02 | INFO | \U0001f680 Elite AI Receptionist started
2025-09-23 10:47:02 | INFO | Receptionist initialized for Bright Smiles Dental
2025-09-23 10:47:02 | ERROR | Call/SMS handling error
2025-09-23 10:47:03 | ERROR | Email handling error
2025-09-23 10:47:03 | ERROR | Analytics error
2025-09-23 10:48:03 | ERROR | Call/SMS handling error
2025-09-23 10:48:03 | ERROR | Email handling error
2025-09-23 10:48:04 | ERROR | Analytics error
2025-09-28 15:16:34 | INFO | \U0001f680 Elite AI Receptionist started
2025-09-28 15:16:34 | INFO | Receptionist initialized for Bright Smiles Dental
2025-09-28 15:16:34 | ERROR | Call/SMS handling error
2025-09-28 15:16:35 | ERROR | Email handling error
2025-09-28 15:16:35 | ERROR | Analytics error
2025-09-28 15:17:35 | ERROR | Call/SMS handling error
2025-09-28 15:17:35 | ERROR | Email handling error
2025-09-28 15:17:35 | ERROR | Analytics error
2025-09-28 15:18:35 | ERROR | Call/SMS handling error
2025-09-28 15:18:35 | ERROR | Email handling error
2025-09-28 15:18:35 | ERROR | Analytics error
2025-09-28 15:19:35 | ERROR | Call/SMS handling error
2025-09-28 15:19:36 | ERROR | Email handling error
2025-09-28 15:19:36 | ERROR | Analytics error
2025-09-28 15:20:36 | ERROR | Call/SMS handling error
2025-09-28 15:20:36 | ERROR | Email handling error
2025-09-28 15:20:36 | ERROR | Analytics error
